2026-02-28 15:24:10,642 - MovieBookingSystem - ERROR - Connection Error: 1045 (28000): Access denied for user 'root'@'localhost' (using password: NO)
2026-02-28 15:24:11,328 - MovieBookingSystem - ERROR - Connection Error: 1045 (28000): Access denied for user 'root'@'localhost' (using password: NO)
2026-02-28 15:24:11,576 - MovieBookingSystem - ERROR - Connection Error: 1045 (28000): Access denied for user 'root'@'localhost' (using password: NO)
2026-02-28 15:24:32,911 - MovieBookingSystem - ERROR - Connection Error: 1045 (28000): Access denied for user 'root'@'localhost' (using password: NO)
2026-02-28 15:24:33,317 - MovieBookingSystem - ERROR - Connection Error: 1045 (28000): Access denied for user 'root'@'localhost' (using password: NO)
2026-02-28 15:24:33,566 - MovieBookingSystem - ERROR - Connection Error: 1045 (28000): Access denied for user 'root'@'localhost' (using password: NO)
2026-02-28 15:24:33,719 - MovieBookingSystem - ERROR - Connection Error: 1045 (28000): Access denied for user 'root'@'localhost' (using password: NO)
2026-02-28 15:24:33,857 - MovieBookingSystem - ERROR - Connection Error: 1045 (28000): Access denied for user 'root'@'localhost' (using password: NO)
2026-02-28 15:24:54,790 - MovieBookingSystem - ERROR - Connection Error: 1045 (28000): Access denied for user 'root'@'localhost' (using password: NO)
2026-02-28 15:24:54,795 - MovieBookingSystem - ERROR - Connection Error: 1045 (28000): Access denied for user 'root'@'localhost' (using password: NO)
2026-02-28 15:24:54,994 - MovieBookingSystem - ERROR - Connection Error: 1045 (28000): Access denied for user 'root'@'localhost' (using password: NO)
2026-02-28 15:24:55,630 - MovieBookingSystem - ERROR - Connection Error: 1045 (28000): Access denied for user 'root'@'localhost' (using password: NO)
2026-02-28 15:24:55,635 - MovieBookingSystem - ERROR - Connection Error: 1045 (28000): Access denied for user 'root'@'localhost' (using password: NO)
2026-02-28 15:24:55,834 - MovieBookingSystem - ERROR - Connection Error: 1045 (28000): Access denied for user 'root'@'localhost' (using password: NO)
2026-02-28 15:24:55,869 - MovieBookingSystem - ERROR - Connection Error: 1045 (28000): Access denied for user 'root'@'localhost' (using password: NO)
2026-02-28 15:24:55,875 - MovieBookingSystem - ERROR - Connection Error: 1045 (28000): Access denied for user 'root'@'localhost' (using password: NO)
2026-02-28 15:24:56,072 - MovieBookingSystem - ERROR - Connection Error: 1045 (28000): Access denied for user 'root'@'localhost' (using password: NO)
2026-02-28 15:24:56,078 - MovieBookingSystem - ERROR - Connection Error: 1045 (28000): Access denied for user 'root'@'localhost' (using password: NO)
2026-02-28 15:24:56,082 - MovieBookingSystem - ERROR - Connection Error: 1045 (28000): Access denied for user 'root'@'localhost' (using password: NO)
2026-02-28 15:24:56,280 - MovieBookingSystem - ERROR - Connection Error: 1045 (28000): Access denied for user 'root'@'localhost' (using password: NO)
2026-02-28 15:29:21,277 - MovieBookingSystem - ERROR - Connection Error: 1045 (28000): Access denied for user 'root'@'localhost' (using password: NO)
2026-02-28 15:29:21,282 - MovieBookingSystem - ERROR - Connection Error: 1045 (28000): Access denied for user 'root'@'localhost' (using password: NO)
2026-02-28 15:29:21,480 - MovieBookingSystem - ERROR - Connection Error: 1045 (28000): Access denied for user 'root'@'localhost' (using password: NO)
2026-02-28 15:29:21,490 - MovieBookingSystem - ERROR - Connection Error: 1045 (28000): Access denied for user 'root'@'localhost' (using password: NO)
2026-02-28 15:29:21,494 - MovieBookingSystem - ERROR - Connection Error: 1045 (28000): Access denied for user 'root'@'localhost' (using password: NO)
2026-02-28 15:29:21,692 - MovieBookingSystem - ERROR - Connection Error: 1045 (28000): Access denied for user 'root'@'localhost' (using password: NO)
2026-02-28 15:29:21,698 - MovieBookingSystem - ERROR - Connection Error: 1045 (28000): Access denied for user 'root'@'localhost' (using password: NO)
2026-02-28 15:29:21,702 - MovieBookingSystem - ERROR - Connection Error: 1045 (28000): Access denied for user 'root'@'localhost' (using password: NO)
2026-02-28 15:29:21,899 - MovieBookingSystem - ERROR - Connection Error: 1045 (28000): Access denied for user 'root'@'localhost' (using password: NO)
2026-02-28 15:29:21,905 - MovieBookingSystem - ERROR - Connection Error: 1045 (28000): Access denied for user 'root'@'localhost' (using password: NO)
2026-02-28 15:29:21,911 - MovieBookingSystem - ERROR - Connection Error: 1045 (28000): Access denied for user 'root'@'localhost' (using password: NO)
2026-02-28 15:29:22,108 - MovieBookingSystem - ERROR - Connection Error: 1045 (28000): Access denied for user 'root'@'localhost' (using password: NO)
2026-02-28 15:32:06,532 - MovieBookingSystem - ERROR - Connection Error: 1045 (28000): Access denied for user 'root'@'localhost' (using password: NO)
2026-02-28 15:32:13,346 - MovieBookingSystem - ERROR - Connection Error: 1045 (28000): Access denied for user 'root'@'localhost' (using password: NO)
2026-02-28 15:32:24,926 - MovieBookingSystem - ERROR - Connection Error: 1045 (28000): Access denied for user 'root'@'localhost' (using password: NO)
2026-02-28 18:14:56,186 - MovieBookingSystem - ERROR - Connection Error: 1045 (28000): Access denied for user 'root'@'localhost' (using password: NO)
2026-02-28 18:36:57,449 - MovieBookingSystem - ERROR - Connection Error: 1045 (28000): Access denied for user 'root'@'localhost' (using password: YES)
2026-02-28 18:48:15,225 - MovieBookingSystem - ERROR - Connection Error: 1045 (28000): Access denied for user 'root'@'localhost' (using password: NO)
2026-02-28 18:55:32,361 - MovieBookingSystem - ERROR - Connection Error: 1045 (28000): Access denied for user 'root'@'localhost' (using password: YES)
2026-02-28 19:01:23,964 - MovieBookingSystem - ERROR - Fetch One Error: 1046 (3D000): No database selected | Query: SELECT * FROM users WHERE username = %s
2026-02-28 19:02:26,356 - MovieBookingSystem - ERROR - Fetch One Error: 1046 (3D000): No database selected | Query: SELECT * FROM users WHERE username = %s
2026-02-28 19:02:27,174 - MovieBookingSystem - ERROR - Fetch One Error: 1046 (3D000): No database selected | Query: SELECT * FROM users WHERE username = %s
2026-02-28 19:02:27,408 - MovieBookingSystem - ERROR - Fetch One Error: 1046 (3D000): No database selected | Query: SELECT * FROM users WHERE username = %s
2026-02-28 19:02:27,566 - MovieBookingSystem - ERROR - Fetch One Error: 1046 (3D000): No database selected | Query: SELECT * FROM users WHERE username = %s
2026-02-28 19:02:27,737 - MovieBookingSystem - ERROR - Fetch One Error: 1046 (3D000): No database selected | Query: SELECT * FROM users WHERE username = %s
2026-02-28 19:02:44,787 - MovieBookingSystem - ERROR - Fetch One Error: 1046 (3D000): No database selected | Query: SELECT * FROM users WHERE username = %s
2026-02-28 19:02:44,789 - MovieBookingSystem - ERROR - Fetch One Error: 1046 (3D000): No database selected | Query: SELECT * FROM users WHERE email = %s
2026-02-28 19:02:44,985 - MovieBookingSystem - ERROR - Query Execution Error: 1046 (3D000): No database selected | Query: INSERT INTO users (username, email, password_hash, role) VALUES (%s, %s, %s, %s)
2026-02-28 19:02:46,674 - MovieBookingSystem - ERROR - Fetch One Error: 1046 (3D000): No database selected | Query: SELECT * FROM users WHERE username = %s
2026-02-28 19:02:46,675 - MovieBookingSystem - ERROR - Fetch One Error: 1046 (3D000): No database selected | Query: SELECT * FROM users WHERE email = %s
2026-02-28 19:02:46,872 - MovieBookingSystem - ERROR - Query Execution Error: 1046 (3D000): No database selected | Query: INSERT INTO users (username, email, password_hash, role) VALUES (%s, %s, %s, %s)
2026-02-28 19:03:09,741 - MovieBookingSystem - ERROR - Fetch One Error: 1046 (3D000): No database selected | Query: SELECT * FROM users WHERE username = %s
2026-02-28 19:03:09,743 - MovieBookingSystem - ERROR - Fetch One Error: 1046 (3D000): No database selected | Query: SELECT * FROM users WHERE email = %s
2026-02-28 19:03:09,939 - MovieBookingSystem - ERROR - Query Execution Error: 1046 (3D000): No database selected | Query: INSERT INTO users (username, email, password_hash, role) VALUES (%s, %s, %s, %s)
2026-02-28 19:03:10,342 - MovieBookingSystem - ERROR - Fetch One Error: 1046 (3D000): No database selected | Query: SELECT * FROM users WHERE username = %s
2026-02-28 19:03:10,344 - MovieBookingSystem - ERROR - Fetch One Error: 1046 (3D000): No database selected | Query: SELECT * FROM users WHERE email = %s
2026-02-28 19:03:10,541 - MovieBookingSystem - ERROR - Query Execution Error: 1046 (3D000): No database selected | Query: INSERT INTO users (username, email, password_hash, role) VALUES (%s, %s, %s, %s)
2026-02-28 19:03:10,589 - MovieBookingSystem - ERROR - Fetch One Error: 1046 (3D000): No database selected | Query: SELECT * FROM users WHERE username = %s
2026-02-28 19:03:10,591 - MovieBookingSystem - ERROR - Fetch One Error: 1046 (3D000): No database selected | Query: SELECT * FROM users WHERE email = %s
2026-02-28 19:03:10,787 - MovieBookingSystem - ERROR - Query Execution Error: 1046 (3D000): No database selected | Query: INSERT INTO users (username, email, password_hash, role) VALUES (%s, %s, %s, %s)
2026-02-28 19:03:10,790 - MovieBookingSystem - ERROR - Fetch One Error: 1046 (3D000): No database selected | Query: SELECT * FROM users WHERE username = %s
2026-02-28 19:03:10,791 - MovieBookingSystem - ERROR - Fetch One Error: 1046 (3D000): No database selected | Query: SELECT * FROM users WHERE email = %s
2026-02-28 19:03:10,985 - MovieBookingSystem - ERROR - Query Execution Error: 1046 (3D000): No database selected | Query: INSERT INTO users (username, email, password_hash, role) VALUES (%s, %s, %s, %s)
2026-02-28 19:03:10,988 - MovieBookingSystem - ERROR - Fetch One Error: 1046 (3D000): No database selected | Query: SELECT * FROM users WHERE username = %s
2026-02-28 19:03:10,989 - MovieBookingSystem - ERROR - Fetch One Error: 1046 (3D000): No database selected | Query: SELECT * FROM users WHERE email = %s
2026-02-28 19:03:11,187 - MovieBookingSystem - ERROR - Query Execution Error: 1046 (3D000): No database selected | Query: INSERT INTO users (username, email, password_hash, role) VALUES (%s, %s, %s, %s)
2026-02-28 19:09:26,838 - MovieBookingSystem - ERROR - Fetch One Error: 1046 (3D000): No database selected | Query: SELECT * FROM users WHERE username = %s
2026-02-28 19:09:26,841 - MovieBookingSystem - ERROR - Fetch One Error: 1046 (3D000): No database selected | Query: SELECT * FROM users WHERE email = %s
2026-02-28 19:09:27,037 - MovieBookingSystem - ERROR - Query Execution Error: 1046 (3D000): No database selected | Query: INSERT INTO users (username, email, password_hash, role) VALUES (%s, %s, %s, %s)
2026-02-28 19:09:40,420 - MovieBookingSystem - ERROR - Fetch One Error: 1046 (3D000): No database selected | Query: SELECT * FROM users WHERE username = %s
2026-02-28 19:09:40,421 - MovieBookingSystem - ERROR - Fetch One Error: 1046 (3D000): No database selected | Query: SELECT * FROM users WHERE email = %s
2026-02-28 19:09:40,617 - MovieBookingSystem - ERROR - Query Execution Error: 1046 (3D000): No database selected | Query: INSERT INTO users (username, email, password_hash, role) VALUES (%s, %s, %s, %s)
2026-02-28 19:09:41,042 - MovieBookingSystem - ERROR - Fetch One Error: 1046 (3D000): No database selected | Query: SELECT * FROM users WHERE username = %s
2026-02-28 19:09:41,044 - MovieBookingSystem - ERROR - Fetch One Error: 1046 (3D000): No database selected | Query: SELECT * FROM users WHERE email = %s
2026-02-28 19:09:41,238 - MovieBookingSystem - ERROR - Query Execution Error: 1046 (3D000): No database selected | Query: INSERT INTO users (username, email, password_hash, role) VALUES (%s, %s, %s, %s)
2026-02-28 19:09:41,295 - MovieBookingSystem - ERROR - Fetch One Error: 1046 (3D000): No database selected | Query: SELECT * FROM users WHERE username = %s
2026-02-28 19:09:41,297 - MovieBookingSystem - ERROR - Fetch One Error: 1046 (3D000): No database selected | Query: SELECT * FROM users WHERE email = %s
2026-02-28 19:09:41,491 - MovieBookingSystem - ERROR - Query Execution Error: 1046 (3D000): No database selected | Query: INSERT INTO users (username, email, password_hash, role) VALUES (%s, %s, %s, %s)
2026-02-28 19:09:53,067 - MovieBookingSystem - ERROR - Fetch One Error: 1046 (3D000): No database selected | Query: SELECT * FROM users WHERE username = %s
2026-02-28 19:09:53,069 - MovieBookingSystem - ERROR - Fetch One Error: 1046 (3D000): No database selected | Query: SELECT * FROM users WHERE email = %s
2026-02-28 19:09:53,263 - MovieBookingSystem - ERROR - Query Execution Error: 1046 (3D000): No database selected | Query: INSERT INTO users (username, email, password_hash, role) VALUES (%s, %s, %s, %s)
2026-02-28 19:12:01,593 - MovieBookingSystem - ERROR - Fetch One Error: 1046 (3D000): No database selected | Query: SELECT * FROM users WHERE username = %s
2026-02-28 19:28:51,242 - MovieBookingSystem - ERROR - Connection Error: 1045 (28000): Access denied for user 'root'@'localhost' (using password: NO)
2026-02-28 19:34:17,865 - MovieBookingSystem - INFO - Executed Query: INSERT INTO users (username, email, password_hash, role) VALUES (%s, %s, %s, %s)...
